<?xml version="1.0" encoding="UTF-8"?>
<!-- Generated by org.testng.reporters.JUnitReportReporter -->
<testsuite hostname="DESKTOP-9LT1OHR" failures="0" tests="1" name="runner.TestRunner" time="12.034" errors="0" timestamp="14 Aug 2024 12:50:03 GMT" skipped="0">
  <testcase classname="runner.TestRunner" name="runScenario" time="12.034"/>
</testsuite> <!-- runner.TestRunner -->
