<?xml version="1.0" encoding="UTF-8"?>
<!-- Generated by org.testng.reporters.JUnitReportReporter -->
<testsuite hostname="DESKTOP-9LT1OHR" failures="0" tests="1" name="runner.TestRunner" time="14.211" errors="0" timestamp="14 Aug 2024 13:27:57 GMT" skipped="0">
  <testcase classname="runner.TestRunner" name="runScenario" time="14.211"/>
</testsuite> <!-- runner.TestRunner -->
